<?xml version="1.0" encoding="UTF-8"?>
<!-- Generated by org.testng.reporters.JUnitReportReporter -->
<testsuite hostname="DESKTOP-V8VSACL" failures="0" tests="3" name="com.qa.testLayer.HomePageTest" time="97.845" errors="0" timestamp="2022-08-11T15:43:39 IST" skipped="0">
  <testcase classname="com.qa.testLayer.HomePageTest" name="verifySamsungGalaxyS6" time="33.892"/>
  <system-out/>
  <testcase classname="com.qa.testLayer.HomePageTest" name="verifyNexus6" time="32.986"/>
  <system-out/>
  <testcase classname="com.qa.testLayer.HomePageTest" name="verifyNokiaLumia1520" time="30.967"/>
  <system-out/>
</testsuite> <!-- com.qa.testLayer.HomePageTest -->
