<?xml version="1.0" encoding="UTF-8"?>
<!-- Generated by org.testng.reporters.JUnitReportReporter -->
<testsuite hostname="DESKTOP-V8VSACL" failures="0" tests="1" name="MyFramework.myFramework.AppTest" time="0.030" errors="0" timestamp="2022-08-11T15:43:40 IST" skipped="0">
  <testcase classname="MyFramework.myFramework.AppTest" name="shouldAnswerWithTrue" time="0.030"/>
  <system-out/>
</testsuite> <!-- MyFramework.myFramework.AppTest -->
