<?xml version="1.0" encoding="UTF-8"?>
<!-- Generated by org.testng.reporters.JUnitReportReporter -->
<testsuite hostname="DESKTOP-V8VSACL" failures="0" tests="1" name="parameters.SetParameters" time="0.021" errors="0" timestamp="2022-08-23T15:43:48 IST" skipped="0">
  <testcase classname="parameters.SetParameters" name="test1" time="0.021"/>
  <system-out/>
</testsuite> <!-- parameters.SetParameters -->
