<?xml version="1.0" encoding="UTF-8"?>
<!-- Generated by org.testng.reporters.JUnitReportReporter -->
<testsuite hostname="DESKTOP-V8VSACL" failures="0" tests="1" name="com.qa.testLayer.Practice3_Test_Class" time="18.428" errors="0" timestamp="2022-04-06T14:25:57 IST" skipped="0">
  <testcase classname="com.qa.testLayer.Practice3_Test_Class" name="verify_Phones" time="18.428"/>
  <system-out/>
</testsuite> <!-- com.qa.testLayer.Practice3_Test_Class -->
