<?xml version="1.0" encoding="UTF-8"?>
<!-- Generated by org.testng.reporters.JUnitReportReporter -->
<testsuite hostname="DESKTOP-V8VSACL" failures="0" tests="4" name="priority.Priority" time="0.028" errors="0" timestamp="2022-08-23T14:16:30 IST" skipped="0">
  <testcase classname="priority.Priority" name="method4" time="0.011"/>
  <system-out/>
  <testcase classname="priority.Priority" name="method3" time="0.010"/>
  <system-out/>
  <testcase classname="priority.Priority" name="method1" time="0.005"/>
  <system-out/>
  <testcase classname="priority.Priority" name="method2" time="0.002"/>
  <system-out/>
</testsuite> <!-- priority.Priority -->
