<?xml version="1.0" encoding="UTF-8"?>
<!-- Generated by org.testng.reporters.JUnitReportReporter -->
<testsuite hostname="DESKTOP-V8VSACL" failures="0" tests="1" name="dependsOn.Ignore1" time="0.021" errors="0" timestamp="2022-08-23T19:16:07 IST" skipped="0">
  <testcase classname="dependsOn.Ignore1" name="test2" time="0.021"/>
  <system-out/>
</testsuite> <!-- dependsOn.Ignore1 -->
