<?xml version="1.0" encoding="UTF-8"?>
<!-- Generated by org.testng.reporters.JUnitReportReporter -->
<testsuite hostname="DESKTOP-V8VSACL" failures="0" tests="2" name="dependsOn.DependsOn" time="0.029" errors="0" timestamp="2022-08-23T15:52:16 IST" skipped="0">
  <testcase classname="dependsOn.DependsOn" name="test1" time="0.002"/>
  <system-out/>
  <testcase classname="dependsOn.DependsOn" name="test2" time="0.027"/>
  <system-out/>
</testsuite> <!-- dependsOn.DependsOn -->
