<?xml version="1.0" encoding="UTF-8"?>
<!-- Generated by org.testng.reporters.JUnitReportReporter -->
<testsuite hostname="DESKTOP-V8VSACL" failures="0" tests="4" name="groupingInTestNg.GroupingDemo1" time="0.021" errors="0" timestamp="2022-08-23T15:23:36 IST" skipped="0">
  <testcase classname="groupingInTestNg.GroupingDemo1" name="test4" time="0.003"/>
  <system-out/>
  <testcase classname="groupingInTestNg.GroupingDemo1" name="test2" time="0.002"/>
  <system-out/>
  <testcase classname="groupingInTestNg.GroupingDemo1" name="test3" time="0.002"/>
  <system-out/>
  <testcase classname="groupingInTestNg.GroupingDemo1" name="test1" time="0.014"/>
  <system-out/>
</testsuite> <!-- groupingInTestNg.GroupingDemo1 -->
