<?xml version="1.0" encoding="UTF-8"?>
<!-- Generated by org.testng.reporters.JUnitReportReporter -->
<testsuite hostname="DESKTOP-V8VSACL" failures="0" tests="2" name="failedTestCasesExecution.FailedTestExecution" time="0.018" errors="0" timestamp="2022-08-24T10:19:57 IST" skipped="0">
  <testcase classname="failedTestCasesExecution.FailedTestExecution" name="test2" time="0.003"/>
  <system-out/>
  <testcase classname="failedTestCasesExecution.FailedTestExecution" name="test3" time="0.015"/>
  <system-out/>
</testsuite> <!-- failedTestCasesExecution.FailedTestExecution -->
